=~=~=~=~=~=~=~=~=~=~=~= PuTTY log 2016.08.24 18:06:58 =~=~=~=~=~=~=~=~=~=~=~=
start
110000110001000010000010
11000011000111
1100001100000001000101
111001110010
1100001100000001000101
1110011100011111
110000110000100101
111001101110000010
11000011000010010100
110000110000100101000101
110000110000100101001100
11110010100000100011
11100111000100
110000110001000010000010
11000011000000010101
111001101111
110000110000000100
1111001011
110000110001000011
110000110001000010000010
11000011000111
1100001100000001000101
111001110010
1100001100000001000101
1110011100011111
110000110000100101
111001101110000010
11000011000010010100
11110010100000100011
11100111000100
110000110001000010000010
11000011000000010101
111001101111
1111001011
110000110000000100
110000110001000011
110000110001000010000010
11000011000111
1100001100000001000101
111001110010
1100001100000001000101
1110011100011111
110000110000100101
111001101110000010
11000011000010010100
