=~=~=~=~=~=~=~=~=~=~=~= PuTTY log 2016.08.24 17:59:58 =~=~=~=~=~=~=~=~=~=~=~=
start
111111111111111111111111
11111111111111
1111111111111111111111
111111111111
1111111111111111111111
1111111111111111
111111111111111111
111111111111111111
11111111111111111111
111111111111111111111111
111111111111111111111111
11111111111111111111
11111111111111
111111111111111111111111
11111111111111111111
1111111111
111111111111
111111111111111111
111111111111111111
111111111111111111111111
11111111111111
1111111111111111111111
1111111111111111
111111111111111111
111111111111111111
11111111111111111111
111111111111111111111111
11111111111111111111
11111111111111
111111111111111111111111
11111111111111111111
1111111111
111111111111
111111111111111111
111111111111111111
111111111111111111111111
11111111111111
1111111111111111111111
1111111111111111
111111111111111111
111111111111111111
11111111111111111111
111111111111111111111111
111111111111111111111111
1111111111111111
11111111111111111111
11111111111111111111
111111111111111111
11111111111111111111
1111111111111111
1111111111111111
11111111111111
11111111111111111111
1111111111111111
11111111111111111111
11111111111111111111
111111111111111111
11111111111111111111
1111111111111111
1111111111111111
11111111111111
11111111111111111111
111111111111111111
11111111111111111111
1111111111111111
11111111111111
11111111111111111111
1111111111111111
11111111111111111111
11111111111111111111
111111111111111111
11111111111111111111
1111111111111111
1111111111111111
11111111111111
11111111111111111111
111111111111111111
11111111111111111111
1111111111111111
11111111111111
11111111111111111111
11111111111111111111
11111111111111
1111111111
111111111111
111111111111111111
111111111111111111111111
111111111111111111
111111111111111111
