=~=~=~=~=~=~=~=~=~=~=~= PuTTY log 2016.12.29 11:17:32 =~=~=~=~=~=~=~=~=~=~=~=
start
1101010100
1110011100000010
110000110000000100
1110011100000100
110000110001000011
111011110100110010
111011110100110010
111011110100110010
1100001011111110010101
111001101111
1100001011111111
111001101111
1101010100
1110011100000010
110000110000000100
1110011100000100
110000110001000011
111011110100110010
111011110100110010
111011110100110010
1100001011111110010101
111001101111
1
1100001011111111
111001101111
1
