=~=~=~=~=~=~=~=~=~=~=~= PuTTY log 2016.08.24 18:05:35 =~=~=~=~=~=~=~=~=~=~=~=
start
110000110001000010000010
11000011000111
1100001100000001000101
1110011100011111
110000110000100101
111001101110000010
11000011000010010100
110000110000100101000101
110000110000100101001100
1110011100010110
11000011000110100101
11000011000000010101
110000110001100100
11000011000000010110
1110011100011100
1110011100011100
11000011000111
11000011000001010100
11000011000001010100
110000110001100100
11000011000000010110
1110011100011111
11000011000111
11000011000010010100
110000110000100101000101
11110010100000100011
11100111000100
110000110001000010000010
11000011000000010101
1111001011
111001101111
110000110000000100
110000110001000011
11110010100000100011
11100111000100
110000110001000011
1111001011
11110010100000100011
11100111000100
110000110001000011
1111001011
11110010100000100011
11100111000100
110000110001000011
1111001011
11110010100000100011
11100111000100
110000110001000011
1111001011
11110010100000100011
11100111000100
110000110001000011
1111001011
11110010100000100011
11100111000100
110000110001000011
1111001011
11110010100000100011
11100111000100
110000110001000011
1111001011
11110010100000100011
11100111000100
110000110001000011
1111001011
11110010100000100011
11100111000100
110000110001000011
1111001011
